<?xml version="1.0" encoding="UTF-8"?>
<!-- Generated by org.testng.reporters.JUnitReportReporter -->
<testsuite hostname="sreekanth6420ss" name="demo.f18.testsuite.F18GetDrugReactionsMale" tests="1" failures="0" timestamp="1 Jul 2015 15:36:28 GMT" time="13.929" errors="0">
  <testcase name="DrugReactionForMale" time="13.929" classname="demo.f18.testsuite.F18GetDrugReactionsMale"/>
</testsuite> <!-- demo.f18.testsuite.F18GetDrugReactionsMale -->
