<?xml version="1.0" encoding="UTF-8"?>
<!-- Generated by org.testng.reporters.JUnitReportReporter -->
<testsuite hostname="sreekanth6420ss" name="demo.f18.testsuite.F18EnterDrug" tests="1" failures="0" timestamp="1 Jul 2015 17:34:27 GMT" time="15.284" errors="0">
  <testcase name="enterDrugDetails" time="15.284" classname="demo.f18.testsuite.F18EnterDrug"/>
</testsuite> <!-- demo.f18.testsuite.F18EnterDrug -->
