<?xml version="1.0" encoding="UTF-8"?>
<!-- Generated by org.testng.reporters.JUnitReportReporter -->
<testsuite hostname="sreekanth6420ss" name="demo.f18.testsuite.F18LandingPageTest" tests="1" failures="0" timestamp="25 Jun 2015 21:27:10 GMT" time="11.788" errors="0">
  <testcase name="testLandingPage" time="11.788" classname="demo.f18.testsuite.F18LandingPageTest"/>
</testsuite> <!-- demo.f18.testsuite.F18LandingPageTest -->
