<?xml version="1.0" encoding="UTF-8"?>
<!-- Generated by org.testng.reporters.JUnitReportReporter -->
<testsuite hostname="sreekanth6420ss" name="demo.f18.testsuite.F18GetDrugReactionsOutcomeSerious" tests="1" failures="0" timestamp="1 Jul 2015 17:23:41 GMT" time="13.813" errors="0">
  <testcase name="DrugReactionForOutcomeSerious" time="13.813" classname="demo.f18.testsuite.F18GetDrugReactionsOutcomeSerious"/>
</testsuite> <!-- demo.f18.testsuite.F18GetDrugReactionsOutcomeSerious -->
