<?xml version="1.0" encoding="UTF-8"?>
<!-- Generated by org.testng.reporters.JUnitReportReporter -->
<testsuite hostname="sreekanth6420ss" name="demo.f18.testsuite.F18EnterDrug" tests="1" failures="0" timestamp="25 Jun 2015 21:33:15 GMT" time="18.175" errors="0">
  <testcase name="enterDrugDetails" time="18.175" classname="demo.f18.testsuite.F18EnterDrug"/>
</testsuite> <!-- demo.f18.testsuite.F18EnterDrug -->
