<?xml version="1.0" encoding="UTF-8"?>
<!-- Generated by org.testng.reporters.JUnitReportReporter -->
<testsuite hostname="sreekanth6420ss" name="demo.f18.testsuite.F18GetDrugReactionsFemale" tests="1" failures="0" timestamp="1 Jul 2015 17:34:27 GMT" time="13.096" errors="0">
  <testcase name="DrugReactionsForFemale" time="13.096" classname="demo.f18.testsuite.F18GetDrugReactionsFemale"/>
</testsuite> <!-- demo.f18.testsuite.F18GetDrugReactionsFemale -->
