<?xml version="1.0" encoding="UTF-8"?>
<!-- Generated by org.testng.reporters.JUnitReportReporter -->
<testsuite hostname="sreekanth6420ss" name="demo.f18.testsuite.F18DeleteDrugs" tests="1" failures="0" timestamp="1 Jul 2015 17:34:27 GMT" time="12.701" errors="0">
  <testcase name="DeleteDrug" time="12.701" classname="demo.f18.testsuite.F18DeleteDrugs"/>
</testsuite> <!-- demo.f18.testsuite.F18DeleteDrugs -->
