<?xml version="1.0" encoding="UTF-8"?>
<!-- Generated by org.testng.reporters.JUnitReportReporter -->
<testsuite hostname="sreekanth6420ss" name="demo.f18.testsuite.F18GetDrugReactionsOutcomeSerious" tests="1" failures="0" timestamp="30 Jun 2015 22:24:00 GMT" time="11.117" errors="0">
  <testcase name="DrugReactionForOutcomeSerious" time="11.117" classname="demo.f18.testsuite.F18GetDrugReactionsOutcomeSerious"/>
</testsuite> <!-- demo.f18.testsuite.F18GetDrugReactionsOutcomeSerious -->
