<?xml version="1.0" encoding="UTF-8"?>
<!-- Generated by org.testng.reporters.JUnitReportReporter -->
<testsuite hostname="sreekanth6420ss" name="demo.f18.testsuite.F18EnterDrug" tests="1" failures="0" timestamp="26 Jun 2015 20:57:10 GMT" time="12.984" errors="0">
  <testcase name="enterDrugDetails" time="12.984" classname="demo.f18.testsuite.F18EnterDrug"/>
</testsuite> <!-- demo.f18.testsuite.F18EnterDrug -->
